<?xml version="1.0" encoding="UTF-8"?>
<!-- Generated by org.testng.reporters.JUnitReportReporter -->
<testsuite skipped="0" hostname="DESKTOP-I0SPO2S" name="MobileSet2Project.MobileDataAutomation" tests="6" failures="0" timestamp="2020-11-10T20:21:42 IST" time="95.715" errors="0">
  <testcase name="AddVariants" time="15.895" classname="MobileSet2Project.MobileDataAutomation"/>
  <system-out/>
  <testcase name="AddVariants" time="14.968" classname="MobileSet2Project.MobileDataAutomation"/>
  <system-out/>
  <testcase name="AddVariants" time="13.729" classname="MobileSet2Project.MobileDataAutomation"/>
  <system-out/>
  <testcase name="AddVariants" time="19.852" classname="MobileSet2Project.MobileDataAutomation"/>
  <system-out/>
  <testcase name="AddVariants" time="15.116" classname="MobileSet2Project.MobileDataAutomation"/>
  <system-out/>
  <testcase name="AddVariants" time="16.155" classname="MobileSet2Project.MobileDataAutomation"/>
  <system-out/>
</testsuite> <!-- MobileSet2Project.MobileDataAutomation -->
